  [1m[35m (0.1ms)[0m  [1m[34mSELECT sqlite_version(*)[0m
  ↳ ./bin/rake:4
  [1m[35m (3.1ms)[0m  [1m[35mCREATE TABLE "schema_migrations" ("version" varchar NOT NULL PRIMARY KEY)[0m
  ↳ ./bin/rake:4
  [1m[35m (1.4ms)[0m  [1m[35mCREATE TABLE "ar_internal_metadata" ("key" varchar NOT NULL PRIMARY KEY, "value" varchar, "created_at" datetime NOT NULL, "updated_at" datetime NOT NULL)[0m
  ↳ ./bin/rake:4
  [1m[36mActiveRecord::InternalMetadata Load (0.1ms)[0m  [1m[34mSELECT  "ar_internal_metadata".* FROM "ar_internal_metadata" WHERE "ar_internal_metadata"."key" = ? LIMIT ?[0m  [["key", "environment"], ["LIMIT", 1]]
  ↳ ./bin/rake:4
  [1m[35m (0.0ms)[0m  [1m[36mbegin transaction[0m
  ↳ ./bin/rake:4
  [1m[36mActiveRecord::InternalMetadata Create (0.3ms)[0m  [1m[32mINSERT INTO "ar_internal_metadata" ("key", "value", "created_at", "updated_at") VALUES (?, ?, ?, ?)[0m  [["key", "environment"], ["value", "development"], ["created_at", "2019-01-15 22:54:52.910749"], ["updated_at", "2019-01-15 22:54:52.910749"]]
  ↳ ./bin/rake:4
  [1m[35m (0.6ms)[0m  [1m[36mcommit transaction[0m
  ↳ ./bin/rake:4
  [1m[35m (0.1ms)[0m  [1m[34mSELECT "schema_migrations"."version" FROM "schema_migrations" ORDER BY "schema_migrations"."version" ASC[0m
  ↳ ./bin/rake:4
  [1m[35m (0.8ms)[0m  [1m[34mSELECT "schema_migrations"."version" FROM "schema_migrations" ORDER BY "schema_migrations"."version" ASC[0m
  ↳ ./bin/rake:4
Migrating to CreatePosts (20190115235532)
  [1m[35m (0.1ms)[0m  [1m[36mbegin transaction[0m
  ↳ ./bin/rake:4
  [1m[35m (0.0ms)[0m  [1m[31mrollback transaction[0m
  ↳ ./bin/rake:4
  [1m[35m (0.1ms)[0m  [1m[34mSELECT "schema_migrations"."version" FROM "schema_migrations" ORDER BY "schema_migrations"."version" ASC[0m
  ↳ ./bin/rake:4
Migrating to CreatePosts (20190115235549)
  [1m[35m (0.0ms)[0m  [1m[36mbegin transaction[0m
  ↳ ./bin/rake:4
  [1m[35m (0.7ms)[0m  [1m[34mSELECT sqlite_version(*)[0m
  ↳ db/migrate/20190115235549_create_posts.rb:3
  [1m[35m (7.5ms)[0m  [1m[35mCREATE TABLE "posts" ("id" integer PRIMARY KEY AUTOINCREMENT NOT NULL, "title" varchar, "body" varchar, "author_id" integer, "created_at" datetime NOT NULL, "updated_at" datetime NOT NULL, CONSTRAINT "fk_rails_04d13ef8c7"
FOREIGN KEY ("author_id")
  REFERENCES "authors" ("id")
)[0m
  ↳ db/migrate/20190115235549_create_posts.rb:3
  [1m[35m (0.4ms)[0m  [1m[35mCREATE  INDEX "index_posts_on_author_id" ON "posts" ("author_id")[0m
  ↳ db/migrate/20190115235549_create_posts.rb:3
  [1m[36mActiveRecord::SchemaMigration Create (1.4ms)[0m  [1m[32mINSERT INTO "schema_migrations" ("version") VALUES (?)[0m  [["version", "20190115235549"]]
  ↳ ./bin/rake:4
  [1m[35m (2.0ms)[0m  [1m[36mcommit transaction[0m
  ↳ ./bin/rake:4
  [1m[36mActiveRecord::InternalMetadata Load (0.9ms)[0m  [1m[34mSELECT  "ar_internal_metadata".* FROM "ar_internal_metadata" WHERE "ar_internal_metadata"."key" = ? LIMIT ?[0m  [["key", "environment"], ["LIMIT", 1]]
  ↳ ./bin/rake:4
  [1m[35m (0.1ms)[0m  [1m[36mbegin transaction[0m
  ↳ ./bin/rake:4
  [1m[35m (0.1ms)[0m  [1m[36mcommit transaction[0m
  ↳ ./bin/rake:4
  [1m[35m (0.1ms)[0m  [1m[34mSELECT "schema_migrations"."version" FROM "schema_migrations" ORDER BY "schema_migrations"."version" ASC[0m
  ↳ ./bin/rake:4
